{"C:\\Users\\CooT\\Desktop\\Nova pasta\\src\\recintos-zoo.js": {"path":"C:\\Users\\CooT\\Desktop\\Nova pasta\\src\\recintos-zoo.js","all":false,"statementMap":{"0":{"start":{"line":1,"column":0},"end":{"line":1,"column":19}},"1":{"start":{"line":2,"column":0},"end":{"line":2,"column":19}},"2":{"start":{"line":3,"column":0},"end":{"line":3,"column":25}},"3":{"start":{"line":4,"column":0},"end":{"line":4,"column":112}},"4":{"start":{"line":5,"column":0},"end":{"line":5,"column":77}},"5":{"start":{"line":6,"column":0},"end":{"line":6,"column":118}},"6":{"start":{"line":7,"column":0},"end":{"line":7,"column":72}},"7":{"start":{"line":8,"column":0},"end":{"line":8,"column":109}},"8":{"start":{"line":9,"column":0},"end":{"line":9,"column":10}},"9":{"start":{"line":10,"column":0},"end":{"line":10,"column":0}},"10":{"start":{"line":11,"column":0},"end":{"line":11,"column":24}},"11":{"start":{"line":12,"column":0},"end":{"line":12,"column":70}},"12":{"start":{"line":13,"column":0},"end":{"line":13,"column":74}},"13":{"start":{"line":14,"column":0},"end":{"line":14,"column":72}},"14":{"start":{"line":15,"column":0},"end":{"line":15,"column":85}},"15":{"start":{"line":16,"column":0},"end":{"line":16,"column":73}},"16":{"start":{"line":17,"column":0},"end":{"line":17,"column":84}},"17":{"start":{"line":18,"column":0},"end":{"line":18,"column":10}},"18":{"start":{"line":19,"column":0},"end":{"line":19,"column":5}},"19":{"start":{"line":20,"column":0},"end":{"line":20,"column":0}},"20":{"start":{"line":21,"column":0},"end":{"line":21,"column":41}},"21":{"start":{"line":22,"column":0},"end":{"line":22,"column":50}},"22":{"start":{"line":23,"column":0},"end":{"line":23,"column":117}},"23":{"start":{"line":24,"column":0},"end":{"line":24,"column":47}},"24":{"start":{"line":25,"column":0},"end":{"line":25,"column":9}},"25":{"start":{"line":26,"column":0},"end":{"line":26,"column":63}},"26":{"start":{"line":27,"column":0},"end":{"line":27,"column":121}},"27":{"start":{"line":28,"column":0},"end":{"line":28,"column":51}},"28":{"start":{"line":29,"column":0},"end":{"line":29,"column":9}},"29":{"start":{"line":30,"column":0},"end":{"line":30,"column":0}},"30":{"start":{"line":31,"column":0},"end":{"line":31,"column":71}},"31":{"start":{"line":32,"column":0},"end":{"line":32,"column":59}},"32":{"start":{"line":33,"column":0},"end":{"line":33,"column":35}},"33":{"start":{"line":34,"column":0},"end":{"line":34,"column":0}},"34":{"start":{"line":35,"column":0},"end":{"line":35,"column":130}},"35":{"start":{"line":36,"column":0},"end":{"line":36,"column":0}},"36":{"start":{"line":37,"column":0},"end":{"line":37,"column":44}},"37":{"start":{"line":38,"column":0},"end":{"line":38,"column":165}},"38":{"start":{"line":39,"column":0},"end":{"line":39,"column":123}},"39":{"start":{"line":40,"column":0},"end":{"line":40,"column":0}},"40":{"start":{"line":41,"column":0},"end":{"line":41,"column":86}},"41":{"start":{"line":42,"column":0},"end":{"line":42,"column":62}},"42":{"start":{"line":43,"column":0},"end":{"line":43,"column":38}},"43":{"start":{"line":44,"column":0},"end":{"line":44,"column":41}},"44":{"start":{"line":45,"column":0},"end":{"line":45,"column":45}},"45":{"start":{"line":46,"column":0},"end":{"line":46,"column":48}},"46":{"start":{"line":47,"column":0},"end":{"line":47,"column":0}},"47":{"start":{"line":48,"column":0},"end":{"line":48,"column":48}},"48":{"start":{"line":49,"column":0},"end":{"line":49,"column":77}},"49":{"start":{"line":50,"column":0},"end":{"line":50,"column":71}},"50":{"start":{"line":51,"column":0},"end":{"line":51,"column":118}},"51":{"start":{"line":52,"column":0},"end":{"line":52,"column":98}},"52":{"start":{"line":53,"column":0},"end":{"line":53,"column":111}},"53":{"start":{"line":54,"column":0},"end":{"line":54,"column":19}},"54":{"start":{"line":55,"column":0},"end":{"line":55,"column":0}},"55":{"start":{"line":56,"column":0},"end":{"line":56,"column":76}},"56":{"start":{"line":57,"column":0},"end":{"line":57,"column":186}},"57":{"start":{"line":58,"column":0},"end":{"line":58,"column":0}},"58":{"start":{"line":59,"column":0},"end":{"line":59,"column":74}},"59":{"start":{"line":60,"column":0},"end":{"line":60,"column":120}},"60":{"start":{"line":61,"column":0},"end":{"line":61,"column":73}},"61":{"start":{"line":62,"column":0},"end":{"line":62,"column":170}},"62":{"start":{"line":63,"column":0},"end":{"line":63,"column":17}},"63":{"start":{"line":64,"column":0},"end":{"line":64,"column":0}},"64":{"start":{"line":65,"column":0},"end":{"line":65,"column":49}},"65":{"start":{"line":66,"column":0},"end":{"line":66,"column":81}},"66":{"start":{"line":67,"column":0},"end":{"line":67,"column":155}},"67":{"start":{"line":68,"column":0},"end":{"line":68,"column":189}},"68":{"start":{"line":69,"column":0},"end":{"line":69,"column":31}},"69":{"start":{"line":70,"column":0},"end":{"line":70,"column":21}},"70":{"start":{"line":71,"column":0},"end":{"line":71,"column":103}},"71":{"start":{"line":72,"column":0},"end":{"line":72,"column":167}},"72":{"start":{"line":73,"column":0},"end":{"line":73,"column":31}},"73":{"start":{"line":74,"column":0},"end":{"line":74,"column":21}},"74":{"start":{"line":75,"column":0},"end":{"line":75,"column":83}},"75":{"start":{"line":76,"column":0},"end":{"line":76,"column":185}},"76":{"start":{"line":77,"column":0},"end":{"line":77,"column":31}},"77":{"start":{"line":78,"column":0},"end":{"line":78,"column":21}},"78":{"start":{"line":79,"column":0},"end":{"line":79,"column":0}},"79":{"start":{"line":80,"column":0},"end":{"line":80,"column":161}},"80":{"start":{"line":81,"column":0},"end":{"line":81,"column":142}},"81":{"start":{"line":82,"column":0},"end":{"line":82,"column":24}},"82":{"start":{"line":83,"column":0},"end":{"line":83,"column":248}},"83":{"start":{"line":84,"column":0},"end":{"line":84,"column":17}},"84":{"start":{"line":85,"column":0},"end":{"line":85,"column":20}},"85":{"start":{"line":86,"column":0},"end":{"line":86,"column":145}},"86":{"start":{"line":87,"column":0},"end":{"line":87,"column":13}},"87":{"start":{"line":88,"column":0},"end":{"line":88,"column":11}},"88":{"start":{"line":89,"column":0},"end":{"line":89,"column":0}},"89":{"start":{"line":90,"column":0},"end":{"line":90,"column":43}},"90":{"start":{"line":91,"column":0},"end":{"line":91,"column":150}},"91":{"start":{"line":92,"column":0},"end":{"line":92,"column":53}},"92":{"start":{"line":93,"column":0},"end":{"line":93,"column":9}},"93":{"start":{"line":94,"column":0},"end":{"line":94,"column":0}},"94":{"start":{"line":95,"column":0},"end":{"line":95,"column":140}},"95":{"start":{"line":96,"column":0},"end":{"line":96,"column":59}},"96":{"start":{"line":97,"column":0},"end":{"line":97,"column":5}},"97":{"start":{"line":98,"column":0},"end":{"line":98,"column":1}},"98":{"start":{"line":99,"column":0},"end":{"line":99,"column":0}},"99":{"start":{"line":100,"column":0},"end":{"line":100,"column":38}},"100":{"start":{"line":101,"column":0},"end":{"line":101,"column":0}},"101":{"start":{"line":102,"column":0},"end":{"line":102,"column":0}},"102":{"start":{"line":103,"column":0},"end":{"line":103,"column":0}},"103":{"start":{"line":104,"column":0},"end":{"line":104,"column":0}},"104":{"start":{"line":105,"column":0},"end":{"line":105,"column":0}},"105":{"start":{"line":106,"column":0},"end":{"line":106,"column":0}},"106":{"start":{"line":107,"column":0},"end":{"line":107,"column":40209}}},"s":{"0":1,"1":1,"2":5,"3":5,"4":5,"5":5,"6":5,"7":5,"8":5,"9":5,"10":5,"11":5,"12":5,"13":5,"14":5,"15":5,"16":5,"17":5,"18":5,"19":1,"20":1,"21":5,"22":1,"23":1,"24":1,"25":5,"26":1,"27":1,"28":1,"29":3,"30":3,"31":3,"32":3,"33":3,"34":3,"35":3,"36":3,"37":15,"38":15,"39":15,"40":15,"41":15,"42":10,"43":10,"44":10,"45":10,"46":10,"47":10,"48":7,"49":7,"50":7,"51":7,"52":7,"53":10,"54":10,"55":10,"56":10,"57":10,"58":10,"59":10,"60":5,"61":5,"62":5,"63":10,"64":10,"65":10,"66":5,"67":0,"68":0,"69":0,"70":5,"71":0,"72":0,"73":0,"74":5,"75":0,"76":0,"77":0,"78":5,"79":5,"80":5,"81":5,"82":5,"83":5,"84":15,"85":5,"86":5,"87":3,"88":3,"89":5,"90":1,"91":1,"92":1,"93":2,"94":2,"95":2,"96":2,"97":1,"98":1,"99":1,"100":1,"101":1,"102":1,"103":1,"104":1,"105":1,"106":1},"branchMap":{"0":{"type":"branch","line":2,"loc":{"start":{"line":2,"column":4},"end":{"line":19,"column":5}},"locations":[{"start":{"line":2,"column":4},"end":{"line":19,"column":5}}]},"1":{"type":"branch","line":21,"loc":{"start":{"line":21,"column":4},"end":{"line":97,"column":5}},"locations":[{"start":{"line":21,"column":4},"end":{"line":97,"column":5}}]},"2":{"type":"branch","line":22,"loc":{"start":{"line":22,"column":49},"end":{"line":25,"column":9}},"locations":[{"start":{"line":22,"column":49},"end":{"line":25,"column":9}}]},"3":{"type":"branch","line":25,"loc":{"start":{"line":25,"column":8},"end":{"line":26,"column":31}},"locations":[{"start":{"line":25,"column":8},"end":{"line":26,"column":31}}]},"4":{"type":"branch","line":26,"loc":{"start":{"line":26,"column":27},"end":{"line":26,"column":60}},"locations":[{"start":{"line":26,"column":27},"end":{"line":26,"column":60}}]},"5":{"type":"branch","line":26,"loc":{"start":{"line":26,"column":62},"end":{"line":29,"column":9}},"locations":[{"start":{"line":26,"column":62},"end":{"line":29,"column":9}}]},"6":{"type":"branch","line":29,"loc":{"start":{"line":29,"column":8},"end":{"line":90,"column":42}},"locations":[{"start":{"line":29,"column":8},"end":{"line":90,"column":42}}]},"7":{"type":"branch","line":90,"loc":{"start":{"line":90,"column":42},"end":{"line":93,"column":9}},"locations":[{"start":{"line":90,"column":42},"end":{"line":93,"column":9}}]},"8":{"type":"branch","line":93,"loc":{"start":{"line":93,"column":8},"end":{"line":97,"column":5}},"locations":[{"start":{"line":93,"column":8},"end":{"line":97,"column":5}}]},"9":{"type":"branch","line":37,"loc":{"start":{"line":37,"column":31},"end":{"line":88,"column":9}},"locations":[{"start":{"line":37,"column":31},"end":{"line":88,"column":9}}]},"10":{"type":"branch","line":42,"loc":{"start":{"line":42,"column":61},"end":{"line":85,"column":13}},"locations":[{"start":{"line":42,"column":61},"end":{"line":85,"column":13}}]},"11":{"type":"branch","line":60,"loc":{"start":{"line":60,"column":36},"end":{"line":60,"column":117}},"locations":[{"start":{"line":60,"column":36},"end":{"line":60,"column":117}}]},"12":{"type":"branch","line":60,"loc":{"start":{"line":60,"column":119},"end":{"line":63,"column":17}},"locations":[{"start":{"line":60,"column":119},"end":{"line":63,"column":17}}]},"13":{"type":"branch","line":66,"loc":{"start":{"line":66,"column":33},"end":{"line":66,"column":78}},"locations":[{"start":{"line":66,"column":33},"end":{"line":66,"column":78}}]},"14":{"type":"branch","line":66,"loc":{"start":{"line":66,"column":80},"end":{"line":84,"column":17}},"locations":[{"start":{"line":66,"column":80},"end":{"line":84,"column":17}}]},"15":{"type":"branch","line":67,"loc":{"start":{"line":67,"column":61},"end":{"line":67,"column":81}},"locations":[{"start":{"line":67,"column":61},"end":{"line":67,"column":81}}]},"16":{"type":"branch","line":67,"loc":{"start":{"line":67,"column":81},"end":{"line":67,"column":118}},"locations":[{"start":{"line":67,"column":81},"end":{"line":67,"column":118}}]},"17":{"type":"branch","line":67,"loc":{"start":{"line":67,"column":118},"end":{"line":67,"column":152}},"locations":[{"start":{"line":67,"column":118},"end":{"line":67,"column":152}}]},"18":{"type":"branch","line":67,"loc":{"start":{"line":67,"column":154},"end":{"line":70,"column":21}},"locations":[{"start":{"line":67,"column":154},"end":{"line":70,"column":21}}]},"19":{"type":"branch","line":71,"loc":{"start":{"line":71,"column":57},"end":{"line":71,"column":77}},"locations":[{"start":{"line":71,"column":57},"end":{"line":71,"column":77}}]},"20":{"type":"branch","line":71,"loc":{"start":{"line":71,"column":77},"end":{"line":71,"column":100}},"locations":[{"start":{"line":71,"column":77},"end":{"line":71,"column":100}}]},"21":{"type":"branch","line":71,"loc":{"start":{"line":71,"column":102},"end":{"line":74,"column":21}},"locations":[{"start":{"line":71,"column":102},"end":{"line":74,"column":21}}]},"22":{"type":"branch","line":75,"loc":{"start":{"line":75,"column":43},"end":{"line":75,"column":80}},"locations":[{"start":{"line":75,"column":43},"end":{"line":75,"column":80}}]},"23":{"type":"branch","line":75,"loc":{"start":{"line":75,"column":82},"end":{"line":78,"column":21}},"locations":[{"start":{"line":75,"column":82},"end":{"line":78,"column":21}}]},"24":{"type":"branch","line":85,"loc":{"start":{"line":85,"column":13},"end":{"line":87,"column":13}},"locations":[{"start":{"line":85,"column":13},"end":{"line":87,"column":13}}]},"25":{"type":"branch","line":42,"loc":{"start":{"line":42,"column":28},"end":{"line":42,"column":58}},"locations":[{"start":{"line":42,"column":28},"end":{"line":42,"column":58}}]},"26":{"type":"branch","line":48,"loc":{"start":{"line":48,"column":41},"end":{"line":54,"column":17}},"locations":[{"start":{"line":48,"column":41},"end":{"line":54,"column":17}}]},"27":{"type":"branch","line":51,"loc":{"start":{"line":51,"column":44},"end":{"line":51,"column":96}},"locations":[{"start":{"line":51,"column":44},"end":{"line":51,"column":96}}]},"28":{"type":"branch","line":51,"loc":{"start":{"line":51,"column":98},"end":{"line":51,"column":118}},"locations":[{"start":{"line":51,"column":98},"end":{"line":51,"column":118}}]},"29":{"type":"branch","line":52,"loc":{"start":{"line":52,"column":74},"end":{"line":52,"column":98}},"locations":[{"start":{"line":52,"column":74},"end":{"line":52,"column":98}}]},"30":{"type":"branch","line":53,"loc":{"start":{"line":53,"column":60},"end":{"line":53,"column":82}},"locations":[{"start":{"line":53,"column":60},"end":{"line":53,"column":82}}]},"31":{"type":"branch","line":53,"loc":{"start":{"line":53,"column":84},"end":{"line":53,"column":111}},"locations":[{"start":{"line":53,"column":84},"end":{"line":53,"column":111}}]},"32":{"type":"branch","line":60,"loc":{"start":{"line":60,"column":63},"end":{"line":60,"column":116}},"locations":[{"start":{"line":60,"column":63},"end":{"line":60,"column":116}}]},"33":{"type":"branch","line":107,"loc":{"start":{"line":107,"column":68},"end":{"line":107,"column":39542}},"locations":[{"start":{"line":107,"column":68},"end":{"line":107,"column":39542}}]},"34":{"type":"branch","line":107,"loc":{"start":{"line":107,"column":133},"end":{"line":107,"column":39529}},"locations":[{"start":{"line":107,"column":133},"end":{"line":107,"column":39529}}]},"35":{"type":"branch","line":107,"loc":{"start":{"line":107,"column":39531},"end":{"line":107,"column":39541}},"locations":[{"start":{"line":107,"column":39531},"end":{"line":107,"column":39541}}]},"36":{"type":"branch","line":107,"loc":{"start":{"line":107,"column":39569},"end":{"line":107,"column":39642}},"locations":[{"start":{"line":107,"column":39569},"end":{"line":107,"column":39642}}]},"37":{"type":"branch","line":107,"loc":{"start":{"line":107,"column":39622},"end":{"line":107,"column":39633}},"locations":[{"start":{"line":107,"column":39622},"end":{"line":107,"column":39633}}]}},"b":{"0":[5],"1":[5],"2":[1],"3":[4],"4":[3],"5":[1],"6":[3],"7":[1],"8":[2],"9":[15],"10":[10],"11":[5],"12":[5],"13":[8],"14":[5],"15":[0],"16":[0],"17":[0],"18":[0],"19":[3],"20":[0],"21":[0],"22":[0],"23":[0],"24":[5],"25":[19],"26":[7],"27":[2],"28":[2],"29":[5],"30":[2],"31":[0],"32":[5],"33":[1],"34":[1],"35":[1],"36":[1],"37":[1]},"fnMap":{"0":{"name":"RecintosZoo","decl":{"start":{"line":2,"column":4},"end":{"line":19,"column":5}},"loc":{"start":{"line":2,"column":4},"end":{"line":19,"column":5}},"line":2},"1":{"name":"analisaRecintos","decl":{"start":{"line":21,"column":4},"end":{"line":97,"column":5}},"loc":{"start":{"line":21,"column":4},"end":{"line":97,"column":5}},"line":21},"2":{"name":"oo_cm","decl":{"start":{"line":107,"column":68},"end":{"line":107,"column":39542}},"loc":{"start":{"line":107,"column":68},"end":{"line":107,"column":39542}},"line":107},"3":{"name":"oo_oo","decl":{"start":{"line":107,"column":39569},"end":{"line":107,"column":39642}},"loc":{"start":{"line":107,"column":39569},"end":{"line":107,"column":39642}},"line":107},"4":{"name":"oo_tr","decl":{"start":{"line":107,"column":39669},"end":{"line":107,"column":39744}},"loc":{"start":{"line":107,"column":39669},"end":{"line":107,"column":39744}},"line":107},"5":{"name":"oo_ts","decl":{"start":{"line":107,"column":39771},"end":{"line":107,"column":39838}},"loc":{"start":{"line":107,"column":39771},"end":{"line":107,"column":39838}},"line":107},"6":{"name":"oo_te","decl":{"start":{"line":107,"column":39865},"end":{"line":107,"column":39941}},"loc":{"start":{"line":107,"column":39865},"end":{"line":107,"column":39941}},"line":107}},"f":{"0":5,"1":5,"2":1,"3":1,"4":1,"5":1,"6":1}}
}
