{"C:\\Users\\CooT\\Desktop\\Nova pasta\\src\\recintos-zoo.js": {"path":"C:\\Users\\CooT\\Desktop\\Nova pasta\\src\\recintos-zoo.js","all":false,"statementMap":{"0":{"start":{"line":1,"column":0},"end":{"line":1,"column":19}},"1":{"start":{"line":2,"column":0},"end":{"line":2,"column":19}},"2":{"start":{"line":3,"column":0},"end":{"line":3,"column":25}},"3":{"start":{"line":4,"column":0},"end":{"line":4,"column":110}},"4":{"start":{"line":5,"column":0},"end":{"line":5,"column":75}},"5":{"start":{"line":6,"column":0},"end":{"line":6,"column":115}},"6":{"start":{"line":7,"column":0},"end":{"line":7,"column":70}},"7":{"start":{"line":8,"column":0},"end":{"line":8,"column":106}},"8":{"start":{"line":9,"column":0},"end":{"line":9,"column":10}},"9":{"start":{"line":10,"column":0},"end":{"line":10,"column":0}},"10":{"start":{"line":11,"column":0},"end":{"line":11,"column":24}},"11":{"start":{"line":12,"column":0},"end":{"line":12,"column":70}},"12":{"start":{"line":13,"column":0},"end":{"line":13,"column":74}},"13":{"start":{"line":14,"column":0},"end":{"line":14,"column":72}},"14":{"start":{"line":15,"column":0},"end":{"line":15,"column":85}},"15":{"start":{"line":16,"column":0},"end":{"line":16,"column":73}},"16":{"start":{"line":17,"column":0},"end":{"line":17,"column":84}},"17":{"start":{"line":18,"column":0},"end":{"line":18,"column":10}},"18":{"start":{"line":19,"column":0},"end":{"line":19,"column":5}},"19":{"start":{"line":20,"column":0},"end":{"line":20,"column":0}},"20":{"start":{"line":21,"column":0},"end":{"line":21,"column":41}},"21":{"start":{"line":22,"column":0},"end":{"line":22,"column":50}},"22":{"start":{"line":23,"column":0},"end":{"line":23,"column":116}},"23":{"start":{"line":24,"column":0},"end":{"line":24,"column":47}},"24":{"start":{"line":25,"column":0},"end":{"line":25,"column":9}},"25":{"start":{"line":26,"column":0},"end":{"line":26,"column":63}},"26":{"start":{"line":27,"column":0},"end":{"line":27,"column":120}},"27":{"start":{"line":28,"column":0},"end":{"line":28,"column":51}},"28":{"start":{"line":29,"column":0},"end":{"line":29,"column":9}},"29":{"start":{"line":30,"column":0},"end":{"line":30,"column":0}},"30":{"start":{"line":31,"column":0},"end":{"line":31,"column":71}},"31":{"start":{"line":32,"column":0},"end":{"line":32,"column":59}},"32":{"start":{"line":33,"column":0},"end":{"line":33,"column":35}},"33":{"start":{"line":34,"column":0},"end":{"line":34,"column":0}},"34":{"start":{"line":35,"column":0},"end":{"line":35,"column":129}},"35":{"start":{"line":36,"column":0},"end":{"line":36,"column":0}},"36":{"start":{"line":37,"column":0},"end":{"line":37,"column":44}},"37":{"start":{"line":38,"column":0},"end":{"line":38,"column":35}},"38":{"start":{"line":39,"column":0},"end":{"line":39,"column":111}},"39":{"start":{"line":40,"column":0},"end":{"line":40,"column":0}},"40":{"start":{"line":41,"column":0},"end":{"line":41,"column":165}},"41":{"start":{"line":42,"column":0},"end":{"line":42,"column":0}},"42":{"start":{"line":43,"column":0},"end":{"line":43,"column":86}},"43":{"start":{"line":44,"column":0},"end":{"line":44,"column":62}},"44":{"start":{"line":45,"column":0},"end":{"line":45,"column":38}},"45":{"start":{"line":46,"column":0},"end":{"line":46,"column":41}},"46":{"start":{"line":47,"column":0},"end":{"line":47,"column":45}},"47":{"start":{"line":48,"column":0},"end":{"line":48,"column":48}},"48":{"start":{"line":49,"column":0},"end":{"line":49,"column":0}},"49":{"start":{"line":50,"column":0},"end":{"line":50,"column":48}},"50":{"start":{"line":51,"column":0},"end":{"line":51,"column":77}},"51":{"start":{"line":52,"column":0},"end":{"line":52,"column":71}},"52":{"start":{"line":53,"column":0},"end":{"line":53,"column":118}},"53":{"start":{"line":54,"column":0},"end":{"line":54,"column":98}},"54":{"start":{"line":55,"column":0},"end":{"line":55,"column":111}},"55":{"start":{"line":56,"column":0},"end":{"line":56,"column":19}},"56":{"start":{"line":57,"column":0},"end":{"line":57,"column":0}},"57":{"start":{"line":58,"column":0},"end":{"line":58,"column":76}},"58":{"start":{"line":59,"column":0},"end":{"line":59,"column":0}},"59":{"start":{"line":60,"column":0},"end":{"line":60,"column":185}},"60":{"start":{"line":61,"column":0},"end":{"line":61,"column":0}},"61":{"start":{"line":62,"column":0},"end":{"line":62,"column":74}},"62":{"start":{"line":63,"column":0},"end":{"line":63,"column":120}},"63":{"start":{"line":64,"column":0},"end":{"line":64,"column":73}},"64":{"start":{"line":65,"column":0},"end":{"line":65,"column":169}},"65":{"start":{"line":66,"column":0},"end":{"line":66,"column":17}},"66":{"start":{"line":67,"column":0},"end":{"line":67,"column":0}},"67":{"start":{"line":68,"column":0},"end":{"line":68,"column":49}},"68":{"start":{"line":69,"column":0},"end":{"line":69,"column":81}},"69":{"start":{"line":70,"column":0},"end":{"line":70,"column":155}},"70":{"start":{"line":71,"column":0},"end":{"line":71,"column":188}},"71":{"start":{"line":72,"column":0},"end":{"line":72,"column":31}},"72":{"start":{"line":73,"column":0},"end":{"line":73,"column":21}},"73":{"start":{"line":74,"column":0},"end":{"line":74,"column":103}},"74":{"start":{"line":75,"column":0},"end":{"line":75,"column":166}},"75":{"start":{"line":76,"column":0},"end":{"line":76,"column":31}},"76":{"start":{"line":77,"column":0},"end":{"line":77,"column":21}},"77":{"start":{"line":78,"column":0},"end":{"line":78,"column":83}},"78":{"start":{"line":79,"column":0},"end":{"line":79,"column":184}},"79":{"start":{"line":80,"column":0},"end":{"line":80,"column":31}},"80":{"start":{"line":81,"column":0},"end":{"line":81,"column":21}},"81":{"start":{"line":82,"column":0},"end":{"line":82,"column":0}},"82":{"start":{"line":83,"column":0},"end":{"line":83,"column":161}},"83":{"start":{"line":84,"column":0},"end":{"line":84,"column":141}},"84":{"start":{"line":85,"column":0},"end":{"line":85,"column":24}},"85":{"start":{"line":86,"column":0},"end":{"line":86,"column":247}},"86":{"start":{"line":87,"column":0},"end":{"line":87,"column":17}},"87":{"start":{"line":88,"column":0},"end":{"line":88,"column":20}},"88":{"start":{"line":89,"column":0},"end":{"line":89,"column":144}},"89":{"start":{"line":90,"column":0},"end":{"line":90,"column":13}},"90":{"start":{"line":91,"column":0},"end":{"line":91,"column":11}},"91":{"start":{"line":92,"column":0},"end":{"line":92,"column":0}},"92":{"start":{"line":93,"column":0},"end":{"line":93,"column":43}},"93":{"start":{"line":94,"column":0},"end":{"line":94,"column":149}},"94":{"start":{"line":95,"column":0},"end":{"line":95,"column":53}},"95":{"start":{"line":96,"column":0},"end":{"line":96,"column":9}},"96":{"start":{"line":97,"column":0},"end":{"line":97,"column":0}},"97":{"start":{"line":98,"column":0},"end":{"line":98,"column":139}},"98":{"start":{"line":99,"column":0},"end":{"line":99,"column":59}},"99":{"start":{"line":100,"column":0},"end":{"line":100,"column":5}},"100":{"start":{"line":101,"column":0},"end":{"line":101,"column":1}},"101":{"start":{"line":102,"column":0},"end":{"line":102,"column":0}},"102":{"start":{"line":103,"column":0},"end":{"line":103,"column":38}},"103":{"start":{"line":104,"column":0},"end":{"line":104,"column":0}},"104":{"start":{"line":105,"column":0},"end":{"line":105,"column":0}},"105":{"start":{"line":106,"column":0},"end":{"line":106,"column":0}},"106":{"start":{"line":107,"column":0},"end":{"line":107,"column":0}},"107":{"start":{"line":108,"column":0},"end":{"line":108,"column":0}},"108":{"start":{"line":109,"column":0},"end":{"line":109,"column":0}},"109":{"start":{"line":110,"column":0},"end":{"line":110,"column":40209}}},"s":{"0":1,"1":1,"2":5,"3":5,"4":5,"5":5,"6":5,"7":5,"8":5,"9":5,"10":5,"11":5,"12":5,"13":5,"14":5,"15":5,"16":5,"17":5,"18":5,"19":1,"20":1,"21":5,"22":1,"23":1,"24":1,"25":5,"26":1,"27":1,"28":1,"29":3,"30":3,"31":3,"32":3,"33":3,"34":3,"35":3,"36":3,"37":15,"38":15,"39":15,"40":15,"41":15,"42":15,"43":15,"44":10,"45":10,"46":10,"47":10,"48":10,"49":10,"50":7,"51":7,"52":7,"53":7,"54":7,"55":10,"56":10,"57":10,"58":10,"59":10,"60":10,"61":10,"62":10,"63":5,"64":5,"65":5,"66":10,"67":10,"68":10,"69":5,"70":0,"71":0,"72":0,"73":5,"74":0,"75":0,"76":0,"77":5,"78":0,"79":0,"80":0,"81":5,"82":5,"83":5,"84":5,"85":5,"86":5,"87":15,"88":5,"89":5,"90":3,"91":3,"92":5,"93":1,"94":1,"95":1,"96":2,"97":2,"98":2,"99":2,"100":1,"101":1,"102":1,"103":1,"104":1,"105":1,"106":1,"107":1,"108":1,"109":1},"branchMap":{"0":{"type":"branch","line":2,"loc":{"start":{"line":2,"column":4},"end":{"line":19,"column":5}},"locations":[{"start":{"line":2,"column":4},"end":{"line":19,"column":5}}]},"1":{"type":"branch","line":21,"loc":{"start":{"line":21,"column":4},"end":{"line":100,"column":5}},"locations":[{"start":{"line":21,"column":4},"end":{"line":100,"column":5}}]},"2":{"type":"branch","line":22,"loc":{"start":{"line":22,"column":49},"end":{"line":25,"column":9}},"locations":[{"start":{"line":22,"column":49},"end":{"line":25,"column":9}}]},"3":{"type":"branch","line":25,"loc":{"start":{"line":25,"column":8},"end":{"line":26,"column":31}},"locations":[{"start":{"line":25,"column":8},"end":{"line":26,"column":31}}]},"4":{"type":"branch","line":26,"loc":{"start":{"line":26,"column":27},"end":{"line":26,"column":60}},"locations":[{"start":{"line":26,"column":27},"end":{"line":26,"column":60}}]},"5":{"type":"branch","line":26,"loc":{"start":{"line":26,"column":62},"end":{"line":29,"column":9}},"locations":[{"start":{"line":26,"column":62},"end":{"line":29,"column":9}}]},"6":{"type":"branch","line":29,"loc":{"start":{"line":29,"column":8},"end":{"line":93,"column":42}},"locations":[{"start":{"line":29,"column":8},"end":{"line":93,"column":42}}]},"7":{"type":"branch","line":93,"loc":{"start":{"line":93,"column":42},"end":{"line":96,"column":9}},"locations":[{"start":{"line":93,"column":42},"end":{"line":96,"column":9}}]},"8":{"type":"branch","line":96,"loc":{"start":{"line":96,"column":8},"end":{"line":100,"column":5}},"locations":[{"start":{"line":96,"column":8},"end":{"line":100,"column":5}}]},"9":{"type":"branch","line":37,"loc":{"start":{"line":37,"column":31},"end":{"line":91,"column":9}},"locations":[{"start":{"line":37,"column":31},"end":{"line":91,"column":9}}]},"10":{"type":"branch","line":39,"loc":{"start":{"line":39,"column":63},"end":{"line":39,"column":92}},"locations":[{"start":{"line":39,"column":63},"end":{"line":39,"column":92}}]},"11":{"type":"branch","line":39,"loc":{"start":{"line":39,"column":92},"end":{"line":39,"column":110}},"locations":[{"start":{"line":39,"column":92},"end":{"line":39,"column":110}}]},"12":{"type":"branch","line":44,"loc":{"start":{"line":44,"column":61},"end":{"line":88,"column":13}},"locations":[{"start":{"line":44,"column":61},"end":{"line":88,"column":13}}]},"13":{"type":"branch","line":63,"loc":{"start":{"line":63,"column":36},"end":{"line":63,"column":117}},"locations":[{"start":{"line":63,"column":36},"end":{"line":63,"column":117}}]},"14":{"type":"branch","line":63,"loc":{"start":{"line":63,"column":119},"end":{"line":66,"column":17}},"locations":[{"start":{"line":63,"column":119},"end":{"line":66,"column":17}}]},"15":{"type":"branch","line":69,"loc":{"start":{"line":69,"column":33},"end":{"line":69,"column":78}},"locations":[{"start":{"line":69,"column":33},"end":{"line":69,"column":78}}]},"16":{"type":"branch","line":69,"loc":{"start":{"line":69,"column":80},"end":{"line":87,"column":17}},"locations":[{"start":{"line":69,"column":80},"end":{"line":87,"column":17}}]},"17":{"type":"branch","line":70,"loc":{"start":{"line":70,"column":61},"end":{"line":70,"column":81}},"locations":[{"start":{"line":70,"column":61},"end":{"line":70,"column":81}}]},"18":{"type":"branch","line":70,"loc":{"start":{"line":70,"column":81},"end":{"line":70,"column":118}},"locations":[{"start":{"line":70,"column":81},"end":{"line":70,"column":118}}]},"19":{"type":"branch","line":70,"loc":{"start":{"line":70,"column":118},"end":{"line":70,"column":152}},"locations":[{"start":{"line":70,"column":118},"end":{"line":70,"column":152}}]},"20":{"type":"branch","line":70,"loc":{"start":{"line":70,"column":154},"end":{"line":73,"column":21}},"locations":[{"start":{"line":70,"column":154},"end":{"line":73,"column":21}}]},"21":{"type":"branch","line":74,"loc":{"start":{"line":74,"column":57},"end":{"line":74,"column":77}},"locations":[{"start":{"line":74,"column":57},"end":{"line":74,"column":77}}]},"22":{"type":"branch","line":74,"loc":{"start":{"line":74,"column":77},"end":{"line":74,"column":100}},"locations":[{"start":{"line":74,"column":77},"end":{"line":74,"column":100}}]},"23":{"type":"branch","line":74,"loc":{"start":{"line":74,"column":102},"end":{"line":77,"column":21}},"locations":[{"start":{"line":74,"column":102},"end":{"line":77,"column":21}}]},"24":{"type":"branch","line":78,"loc":{"start":{"line":78,"column":43},"end":{"line":78,"column":80}},"locations":[{"start":{"line":78,"column":43},"end":{"line":78,"column":80}}]},"25":{"type":"branch","line":78,"loc":{"start":{"line":78,"column":82},"end":{"line":81,"column":21}},"locations":[{"start":{"line":78,"column":82},"end":{"line":81,"column":21}}]},"26":{"type":"branch","line":88,"loc":{"start":{"line":88,"column":13},"end":{"line":90,"column":13}},"locations":[{"start":{"line":88,"column":13},"end":{"line":90,"column":13}}]},"27":{"type":"branch","line":44,"loc":{"start":{"line":44,"column":28},"end":{"line":44,"column":58}},"locations":[{"start":{"line":44,"column":28},"end":{"line":44,"column":58}}]},"28":{"type":"branch","line":50,"loc":{"start":{"line":50,"column":41},"end":{"line":56,"column":17}},"locations":[{"start":{"line":50,"column":41},"end":{"line":56,"column":17}}]},"29":{"type":"branch","line":53,"loc":{"start":{"line":53,"column":44},"end":{"line":53,"column":96}},"locations":[{"start":{"line":53,"column":44},"end":{"line":53,"column":96}}]},"30":{"type":"branch","line":53,"loc":{"start":{"line":53,"column":98},"end":{"line":53,"column":118}},"locations":[{"start":{"line":53,"column":98},"end":{"line":53,"column":118}}]},"31":{"type":"branch","line":54,"loc":{"start":{"line":54,"column":74},"end":{"line":54,"column":98}},"locations":[{"start":{"line":54,"column":74},"end":{"line":54,"column":98}}]},"32":{"type":"branch","line":55,"loc":{"start":{"line":55,"column":60},"end":{"line":55,"column":82}},"locations":[{"start":{"line":55,"column":60},"end":{"line":55,"column":82}}]},"33":{"type":"branch","line":55,"loc":{"start":{"line":55,"column":84},"end":{"line":55,"column":111}},"locations":[{"start":{"line":55,"column":84},"end":{"line":55,"column":111}}]},"34":{"type":"branch","line":63,"loc":{"start":{"line":63,"column":63},"end":{"line":63,"column":116}},"locations":[{"start":{"line":63,"column":63},"end":{"line":63,"column":116}}]},"35":{"type":"branch","line":110,"loc":{"start":{"line":110,"column":68},"end":{"line":110,"column":39542}},"locations":[{"start":{"line":110,"column":68},"end":{"line":110,"column":39542}}]},"36":{"type":"branch","line":110,"loc":{"start":{"line":110,"column":133},"end":{"line":110,"column":39529}},"locations":[{"start":{"line":110,"column":133},"end":{"line":110,"column":39529}}]},"37":{"type":"branch","line":110,"loc":{"start":{"line":110,"column":39531},"end":{"line":110,"column":39541}},"locations":[{"start":{"line":110,"column":39531},"end":{"line":110,"column":39541}}]},"38":{"type":"branch","line":110,"loc":{"start":{"line":110,"column":39569},"end":{"line":110,"column":39642}},"locations":[{"start":{"line":110,"column":39569},"end":{"line":110,"column":39642}}]},"39":{"type":"branch","line":110,"loc":{"start":{"line":110,"column":39622},"end":{"line":110,"column":39633}},"locations":[{"start":{"line":110,"column":39622},"end":{"line":110,"column":39633}}]}},"b":{"0":[5],"1":[5],"2":[1],"3":[4],"4":[3],"5":[1],"6":[3],"7":[1],"8":[2],"9":[15],"10":[3],"11":[12],"12":[10],"13":[5],"14":[5],"15":[8],"16":[5],"17":[0],"18":[0],"19":[0],"20":[0],"21":[3],"22":[0],"23":[0],"24":[0],"25":[0],"26":[5],"27":[19],"28":[7],"29":[2],"30":[2],"31":[5],"32":[2],"33":[0],"34":[5],"35":[1],"36":[1],"37":[1],"38":[1],"39":[1]},"fnMap":{"0":{"name":"RecintosZoo","decl":{"start":{"line":2,"column":4},"end":{"line":19,"column":5}},"loc":{"start":{"line":2,"column":4},"end":{"line":19,"column":5}},"line":2},"1":{"name":"analisaRecintos","decl":{"start":{"line":21,"column":4},"end":{"line":100,"column":5}},"loc":{"start":{"line":21,"column":4},"end":{"line":100,"column":5}},"line":21},"2":{"name":"oo_cm","decl":{"start":{"line":110,"column":68},"end":{"line":110,"column":39542}},"loc":{"start":{"line":110,"column":68},"end":{"line":110,"column":39542}},"line":110},"3":{"name":"oo_oo","decl":{"start":{"line":110,"column":39569},"end":{"line":110,"column":39642}},"loc":{"start":{"line":110,"column":39569},"end":{"line":110,"column":39642}},"line":110},"4":{"name":"oo_tr","decl":{"start":{"line":110,"column":39669},"end":{"line":110,"column":39744}},"loc":{"start":{"line":110,"column":39669},"end":{"line":110,"column":39744}},"line":110},"5":{"name":"oo_ts","decl":{"start":{"line":110,"column":39771},"end":{"line":110,"column":39838}},"loc":{"start":{"line":110,"column":39771},"end":{"line":110,"column":39838}},"line":110},"6":{"name":"oo_te","decl":{"start":{"line":110,"column":39865},"end":{"line":110,"column":39941}},"loc":{"start":{"line":110,"column":39865},"end":{"line":110,"column":39941}},"line":110}},"f":{"0":5,"1":5,"2":1,"3":1,"4":1,"5":1,"6":1}}
}
