TN:
SF:src\recintos-zoo.js
FN:2,RecintosZoo
FN:21,analisaRecintos
FN:110,oo_cm
FN:110,oo_oo
FN:110,oo_tr
FN:110,oo_ts
FN:110,oo_te
FNF:7
FNH:7
FNDA:5,RecintosZoo
FNDA:5,analisaRecintos
FNDA:1,oo_cm
FNDA:1,oo_oo
FNDA:1,oo_tr
FNDA:1,oo_ts
FNDA:1,oo_te
DA:1,1
DA:2,1
DA:3,5
DA:4,5
DA:5,5
DA:6,5
DA:7,5
DA:8,5
DA:9,5
DA:10,5
DA:11,5
DA:12,5
DA:13,5
DA:14,5
DA:15,5
DA:16,5
DA:17,5
DA:18,5
DA:19,5
DA:20,1
DA:21,1
DA:22,5
DA:23,1
DA:24,1
DA:25,1
DA:26,5
DA:27,1
DA:28,1
DA:29,1
DA:30,3
DA:31,3
DA:32,3
DA:33,3
DA:34,3
DA:35,3
DA:36,3
DA:37,3
DA:38,15
DA:39,15
DA:40,15
DA:41,15
DA:42,15
DA:43,15
DA:44,15
DA:45,10
DA:46,10
DA:47,10
DA:48,10
DA:49,10
DA:50,10
DA:51,7
DA:52,7
DA:53,7
DA:54,7
DA:55,7
DA:56,10
DA:57,10
DA:58,10
DA:59,10
DA:60,10
DA:61,10
DA:62,10
DA:63,10
DA:64,5
DA:65,5
DA:66,5
DA:67,10
DA:68,10
DA:69,10
DA:70,5
DA:71,0
DA:72,0
DA:73,0
DA:74,5
DA:75,0
DA:76,0
DA:77,0
DA:78,5
DA:79,0
DA:80,0
DA:81,0
DA:82,5
DA:83,5
DA:84,5
DA:85,5
DA:86,5
DA:87,5
DA:88,15
DA:89,5
DA:90,5
DA:91,3
DA:92,3
DA:93,5
DA:94,1
DA:95,1
DA:96,1
DA:97,2
DA:98,2
DA:99,2
DA:100,2
DA:101,1
DA:102,1
DA:103,1
DA:104,1
DA:105,1
DA:106,1
DA:107,1
DA:108,1
DA:109,1
DA:110,1
LF:110
LH:101
BRDA:2,0,0,5
BRDA:21,1,0,5
BRDA:22,2,0,1
BRDA:25,3,0,4
BRDA:26,4,0,3
BRDA:26,5,0,1
BRDA:29,6,0,3
BRDA:93,7,0,1
BRDA:96,8,0,2
BRDA:37,9,0,15
BRDA:39,10,0,3
BRDA:39,11,0,12
BRDA:44,12,0,10
BRDA:63,13,0,5
BRDA:63,14,0,5
BRDA:69,15,0,8
BRDA:69,16,0,5
BRDA:70,17,0,0
BRDA:70,18,0,0
BRDA:70,19,0,0
BRDA:70,20,0,0
BRDA:74,21,0,3
BRDA:74,22,0,0
BRDA:74,23,0,0
BRDA:78,24,0,0
BRDA:78,25,0,0
BRDA:88,26,0,5
BRDA:44,27,0,19
BRDA:50,28,0,7
BRDA:53,29,0,2
BRDA:53,30,0,2
BRDA:54,31,0,5
BRDA:55,32,0,2
BRDA:55,33,0,0
BRDA:63,34,0,5
BRDA:110,35,0,1
BRDA:110,36,0,1
BRDA:110,37,0,1
BRDA:110,38,0,1
BRDA:110,39,0,1
BRF:40
BRH:31
end_of_record
