TN:
SF:src\recintos-zoo.js
FN:2,RecintosZoo
FN:21,analisaRecintos
FN:107,oo_cm
FN:107,oo_oo
FN:107,oo_tr
FN:107,oo_ts
FN:107,oo_te
FNF:7
FNH:7
FNDA:5,RecintosZoo
FNDA:5,analisaRecintos
FNDA:1,oo_cm
FNDA:1,oo_oo
FNDA:1,oo_tr
FNDA:1,oo_ts
FNDA:1,oo_te
DA:1,1
DA:2,1
DA:3,5
DA:4,5
DA:5,5
DA:6,5
DA:7,5
DA:8,5
DA:9,5
DA:10,5
DA:11,5
DA:12,5
DA:13,5
DA:14,5
DA:15,5
DA:16,5
DA:17,5
DA:18,5
DA:19,5
DA:20,1
DA:21,1
DA:22,5
DA:23,1
DA:24,1
DA:25,1
DA:26,5
DA:27,1
DA:28,1
DA:29,1
DA:30,3
DA:31,3
DA:32,3
DA:33,3
DA:34,3
DA:35,3
DA:36,3
DA:37,3
DA:38,15
DA:39,15
DA:40,15
DA:41,15
DA:42,15
DA:43,10
DA:44,10
DA:45,10
DA:46,10
DA:47,10
DA:48,10
DA:49,7
DA:50,7
DA:51,7
DA:52,7
DA:53,7
DA:54,10
DA:55,10
DA:56,10
DA:57,10
DA:58,10
DA:59,10
DA:60,10
DA:61,5
DA:62,5
DA:63,5
DA:64,10
DA:65,10
DA:66,10
DA:67,5
DA:68,0
DA:69,0
DA:70,0
DA:71,5
DA:72,0
DA:73,0
DA:74,0
DA:75,5
DA:76,0
DA:77,0
DA:78,0
DA:79,5
DA:80,5
DA:81,5
DA:82,5
DA:83,5
DA:84,5
DA:85,15
DA:86,5
DA:87,5
DA:88,3
DA:89,3
DA:90,5
DA:91,1
DA:92,1
DA:93,1
DA:94,2
DA:95,2
DA:96,2
DA:97,2
DA:98,1
DA:99,1
DA:100,1
DA:101,1
DA:102,1
DA:103,1
DA:104,1
DA:105,1
DA:106,1
DA:107,1
LF:107
LH:98
BRDA:2,0,0,5
BRDA:21,1,0,5
BRDA:22,2,0,1
BRDA:25,3,0,4
BRDA:26,4,0,3
BRDA:26,5,0,1
BRDA:29,6,0,3
BRDA:90,7,0,1
BRDA:93,8,0,2
BRDA:37,9,0,15
BRDA:42,10,0,10
BRDA:60,11,0,5
BRDA:60,12,0,5
BRDA:66,13,0,8
BRDA:66,14,0,5
BRDA:67,15,0,0
BRDA:67,16,0,0
BRDA:67,17,0,0
BRDA:67,18,0,0
BRDA:71,19,0,3
BRDA:71,20,0,0
BRDA:71,21,0,0
BRDA:75,22,0,0
BRDA:75,23,0,0
BRDA:85,24,0,5
BRDA:42,25,0,19
BRDA:48,26,0,7
BRDA:51,27,0,2
BRDA:51,28,0,2
BRDA:52,29,0,5
BRDA:53,30,0,2
BRDA:53,31,0,0
BRDA:60,32,0,5
BRDA:107,33,0,1
BRDA:107,34,0,1
BRDA:107,35,0,1
BRDA:107,36,0,1
BRDA:107,37,0,1
BRF:38
BRH:29
end_of_record
